<?xml version="1.0" encoding="UTF-8"?>
<!-- Generated by org.testng.reporters.JUnitReportReporter -->
<testsuite hostname="DESKTOP-2MEF4CJ" failures="0" tests="1" name="Scripts.TestCase1" time="21.767" errors="0" timestamp="2022-09-11T16:20:01 IST" skipped="0">
  <testcase classname="Scripts.TestCase1" name="tc1" time="21.767"/>
  <system-out/>
</testsuite> <!-- Scripts.TestCase1 -->
